2025-03-20 04:31:51,603 - Usuario: admin - INFO - Inicio de la aplicación
2025-03-20 04:33:56,064 - Usuario: admin - INFO - Inicio de la aplicación
2025-03-20 04:33:57,976 - Usuario: admin - INFO - Inicio de la aplicación
2025-03-20 04:34:01,876 - Usuario: admin - INFO - Inicio de la aplicación
2025-03-20 04:34:30,431 - Usuario: admin - INFO - CONSULTA Registro
2025-03-20 04:34:38,738 - Usuario: admin - INFO - Inicio de la aplicación
2025-03-20 04:34:53,086 - Usuario: admin - INFO - Registro EDITADO
2025-03-20 04:34:53,112 - Usuario: admin - INFO - Inicio de la aplicación
2025-03-20 04:35:10,749 - Usuario: admin - INFO - Registro CREADO
2025-03-20 04:35:10,781 - Usuario: admin - INFO - Inicio de la aplicación
2025-03-20 04:35:21,009 - Usuario: admin - WARNING - Registro ELIMINADO
2025-03-20 04:35:21,026 - Usuario: admin - INFO - Inicio de la aplicación
2025-03-20 04:35:59,390 - Usuario: admin - INFO - Registro CREADO
2025-03-20 04:35:59,409 - Usuario: admin - INFO - Inicio de la aplicación
2025-03-20 04:36:03,122 - Usuario: admin - INFO - Registro ELIMINADO
2025-03-20 04:36:03,144 - Usuario: admin - INFO - Inicio de la aplicación
2025-03-20 04:36:12,092 - Usuario: admin - INFO - CONSULTA Registro
2025-03-20 04:36:15,916 - Usuario: admin - ERROR - Registro no encontrado
2025-03-20 04:36:42,786 - Usuario: admin - WARNING - Registro no encontrado
2025-03-20 05:17:24,835 - Usuario: admin - WARNING - Registro no encontrado
2025-03-20 05:17:32,211 - Usuario: admin - INFO - Inicio de la aplicación
2025-03-20 05:17:39,882 - Usuario: admin - INFO - Registro EDITADO
2025-03-20 05:17:39,898 - Usuario: admin - INFO - Inicio de la aplicación
2025-03-20 05:17:41,333 - Usuario: admin - INFO - Inicio de la aplicación
2025-03-20 05:17:43,743 - Usuario: admin - INFO - Inicio de la aplicación
